<?xml version="1.0" encoding="UTF-8"?>
<coverage generated="1537107501">
  <project timestamp="1537107501">
    <package name="TDD">
      <file name="/var/www/php-unit-test-practice/src/Formatter.php">
        <class name="Formatter" namespace="TDD">
          <metrics complexity="1" methods="1" coveredmethods="1" conditionals="0" coveredconditionals="0" statements="1" coveredstatements="1" elements="2" coveredelements="2"/>
        </class>
        <line num="7" type="method" name="currencyAmt" visibility="public" complexity="1" crap="1" count="4"/>
        <line num="9" type="stmt" count="4"/>
        <metrics loc="10" ncloc="10" classes="1" methods="1" coveredmethods="1" conditionals="0" coveredconditionals="0" statements="1" coveredstatements="1" elements="2" coveredelements="2"/>
      </file>
      <file name="/var/www/php-unit-test-practice/src/ItemsTable.php">
        <class name="ItemsTable" namespace="TDD">
          <metrics complexity="3" methods="3" coveredmethods="3" conditionals="0" coveredconditionals="0" statements="8" coveredstatements="8" elements="11" coveredelements="11"/>
        </class>
        <line num="13" type="method" name="__construct" visibility="public" complexity="1" crap="1" count="3"/>
        <line num="14" type="stmt" count="3"/>
        <line num="15" type="stmt" count="3"/>
        <line num="17" type="method" name="__destruct" visibility="public" complexity="1" crap="1" count="3"/>
        <line num="18" type="stmt" count="3"/>
        <line num="19" type="stmt" count="3"/>
        <line num="21" type="method" name="findForId" visibility="public" complexity="1" crap="1" count="3"/>
        <line num="22" type="stmt" count="3"/>
        <line num="23" type="stmt" count="3"/>
        <line num="24" type="stmt" count="3"/>
        <line num="25" type="stmt" count="3"/>
        <metrics loc="26" ncloc="26" classes="1" methods="3" coveredmethods="3" conditionals="0" coveredconditionals="0" statements="8" coveredstatements="8" elements="11" coveredelements="11"/>
      </file>
      <file name="/var/www/php-unit-test-practice/src/Receipt.php">
        <class name="Receipt" namespace="TDD">
          <metrics complexity="6" methods="4" coveredmethods="3" conditionals="0" coveredconditionals="0" statements="11" coveredstatements="10" elements="15" coveredelements="13"/>
        </class>
        <line num="11" type="method" name="__construct" visibility="public" complexity="1" crap="1" count="7"/>
        <line num="13" type="stmt" count="7"/>
        <line num="14" type="stmt" count="7"/>
        <line num="20" type="method" name="subtotal" visibility="public" complexity="3" crap="3.04" count="5"/>
        <line num="22" type="stmt" count="5"/>
        <line num="23" type="stmt" count="1"/>
        <line num="26" type="stmt" count="4"/>
        <line num="27" type="stmt" count="4"/>
        <line num="28" type="stmt" count="4"/>
        <line num="31" type="stmt" count="0"/>
        <line num="34" type="method" name="tax" visibility="public" complexity="1" crap="1" count="1"/>
        <line num="36" type="stmt" count="1"/>
        <line num="39" type="method" name="postTaxTotal" visibility="public" complexity="1" crap="1" count="1"/>
        <line num="41" type="stmt" count="1"/>
        <line num="43" type="stmt" count="1"/>
        <metrics loc="44" ncloc="40" classes="1" methods="4" coveredmethods="3" conditionals="0" coveredconditionals="0" statements="11" coveredstatements="10" elements="15" coveredelements="13"/>
      </file>
    </package>
    <metrics files="3" loc="80" ncloc="76" classes="3" methods="8" coveredmethods="7" conditionals="0" coveredconditionals="0" statements="20" coveredstatements="19" elements="28" coveredelements="26"/>
  </project>
</coverage>
